{"C:\\Users\\User\\Dropbox\\JavaScript\\Curso_java_nodejs\\Projeto_markdown\\index.js": {"path":"C:\\Users\\User\\Dropbox\\JavaScript\\Curso_java_nodejs\\Projeto_markdown\\index.js","statementMap":{"0":{"start":{"line":56,"column":17},"end":{"line":56,"column":64}},"1":{"start":{"line":57,"column":27},"end":{"line":57,"column":29}},"2":{"start":{"line":59,"column":3},"end":{"line":61,"column":4}},"3":{"start":{"line":60,"column":6},"end":{"line":60,"column":50}},"4":{"start":{"line":62,"column":3},"end":{"line":62,"column":88}},"5":{"start":{"line":66,"column":3},"end":{"line":66,"column":92}},"6":{"start":{"line":70,"column":27},"end":{"line":70,"column":64}},"7":{"start":{"line":71,"column":20},"end":{"line":71,"column":27}},"8":{"start":{"line":72,"column":3},"end":{"line":93,"column":4}},"9":{"start":{"line":73,"column":22},"end":{"line":73,"column":78}},"10":{"start":{"line":74,"column":26},"end":{"line":78,"column":7}},"11":{"start":{"line":75,"column":6},"end":{"line":77,"column":8}},"12":{"start":{"line":76,"column":9},"end":{"line":76,"column":24}},"13":{"start":{"line":79,"column":20},"end":{"line":83,"column":8}},"14":{"start":{"line":80,"column":28},"end":{"line":80,"column":59}},"15":{"start":{"line":81,"column":21},"end":{"line":81,"column":71}},"16":{"start":{"line":82,"column":7},"end":{"line":82,"column":33}},"17":{"start":{"line":84,"column":5},"end":{"line":89,"column":6}},"18":{"start":{"line":84,"column":22},"end":{"line":84,"column":23}},"19":{"start":{"line":85,"column":22},"end":{"line":85,"column":41}},"20":{"start":{"line":86,"column":21},"end":{"line":86,"column":33}},"21":{"start":{"line":87,"column":6},"end":{"line":87,"column":36}},"22":{"start":{"line":88,"column":6},"end":{"line":88,"column":40}},"23":{"start":{"line":90,"column":5},"end":{"line":90,"column":19}},"24":{"start":{"line":92,"column":5},"end":{"line":92,"column":28}}},"fnMap":{"0":{"name":"extraiLinks","decl":{"start":{"line":55,"column":9},"end":{"line":55,"column":20}},"loc":{"start":{"line":55,"column":26},"end":{"line":63,"column":1}},"line":55},"1":{"name":"trataErro","decl":{"start":{"line":65,"column":9},"end":{"line":65,"column":18}},"loc":{"start":{"line":65,"column":26},"end":{"line":67,"column":1}},"line":65},"2":{"name":"pegaArquivo","decl":{"start":{"line":69,"column":15},"end":{"line":69,"column":26}},"loc":{"start":{"line":69,"column":36},"end":{"line":94,"column":3}},"line":69},"3":{"name":"(anonymous_3)","decl":{"start":{"line":74,"column":69},"end":{"line":74,"column":70}},"loc":{"start":{"line":74,"column":88},"end":{"line":78,"column":6}},"line":74},"4":{"name":"(anonymous_4)","decl":{"start":{"line":75,"column":23},"end":{"line":75,"column":24}},"loc":{"start":{"line":75,"column":34},"end":{"line":77,"column":7}},"line":75},"5":{"name":"(anonymous_5)","decl":{"start":{"line":79,"column":51},"end":{"line":79,"column":52}},"loc":{"start":{"line":79,"column":70},"end":{"line":83,"column":6}},"line":79}},"branchMap":{"0":{"loc":{"start":{"line":62,"column":10},"end":{"line":62,"column":87}},"type":"cond-expr","locations":[{"start":{"line":62,"column":41},"end":{"line":62,"column":69}},{"start":{"line":62,"column":72},"end":{"line":62,"column":87}}],"line":62}},"s":{"0":2,"1":2,"2":2,"3":8,"4":2,"5":1,"6":3,"7":3,"8":3,"9":3,"10":2,"11":0,"12":0,"13":2,"14":2,"15":2,"16":2,"17":2,"18":2,"19":2,"20":2,"21":2,"22":2,"23":2,"24":1},"f":{"0":2,"1":1,"2":3,"3":0,"4":0,"5":2},"b":{"0":[0,2]},"_coverageSchema":"1a1c01bbd47fc00a2c39e90264f33305004495a9","hash":"1c29d2f161e8bea125df981d299f239050593306"}
}
