TN:
SF:index.js
FN:55,extraiLinks
FN:65,trataErro
FN:69,pegaArquivo
FN:74,(anonymous_3)
FN:75,(anonymous_4)
FN:79,(anonymous_5)
FNF:6
FNH:4
FNDA:2,extraiLinks
FNDA:1,trataErro
FNDA:3,pegaArquivo
FNDA:0,(anonymous_3)
FNDA:0,(anonymous_4)
FNDA:2,(anonymous_5)
DA:56,2
DA:57,2
DA:59,2
DA:60,8
DA:62,2
DA:66,1
DA:70,3
DA:71,3
DA:72,3
DA:73,3
DA:74,2
DA:75,0
DA:76,0
DA:79,2
DA:80,2
DA:81,2
DA:82,2
DA:84,2
DA:85,2
DA:86,2
DA:87,2
DA:88,2
DA:90,2
DA:92,1
LF:24
LH:22
BRDA:62,0,0,0
BRDA:62,0,1,2
BRF:2
BRH:1
end_of_record
